[     749ms] [ERROR] ./.worktrees/ui-refresh/components/expenses/expense-detail-modal.tsx:12:1
Module not found: Can't resolve './expense-comments'
  10 | import { ExpenseDetailView } from "./expense-detail-view";
  11 | import { ExpenseDetailEdit } from "./expense-detail-edit";
> 12 | import { ExpenseComments } from "./expense-comments";
     | ^^^^^^^^^^^^^^^^^^^^^^^^^^^^^^^^^^^^^^^^^^^^^^^^^^^^^
  13 | import type { Expense } from "./types";
  14 |
  15 | type ExpenseDetailModalProps = {

Import traces:
  Client Component Browser:
    ./.worktrees/ui-refresh/components/expenses/expense-detail-modal.tsx [Client Component Browser]
    ./.worktrees/ui-refresh/app/(app)/expenses/expenses-content.tsx [Client Component Browser]
    ./.worktrees/ui-refresh/app/(app)/expenses/expenses-content.tsx [Server Component]
    ./.worktrees/ui-refresh/app/(app)/expenses/page.tsx [Server Component]

  Client Component SSR:
    ./.worktrees/ui-refresh/components/expenses/expense-detail-modal.tsx [Client Component SSR]
    ./.worktrees/ui-refresh/app/(app)/expenses/expenses-content.tsx [Client Component SSR]
    ./.worktrees/ui-refresh/app/(app)/expenses/expenses-content.tsx [Server Component]
    ./.worktrees/ui-refresh/app/(app)/expenses/page.tsx [Server Component]

https://nextjs.org/docs/messages/module-not-found @ http://localhost:3000/_next/static/chunks/89bd9_next_dist_c4c7fb24._.js:3127
[     751ms] [ERROR] ./.worktrees/ui-refresh/app/(app)/expenses/expense-dialog.tsx:25:1
Module not found: Can't resolve '@/components/ui/form'
  23 | } from "@/components/ui/select";
  24 | import { Switch } from "@/components/ui/switch";
> 25 | import {
     | ^^^^^^^^
> 26 |   Form,
     | ^^^^^^^
> 27 |   FormControl,
     | ^^^^^^^
> 28 |   FormDescription,
     | ^^^^^^^
> 29 |   FormField,
     | ^^^^^^^
> 30 |   FormItem,
     | ^^^^^^^
> 31 |   FormLabel,
     | ^^^^^^^
> 32 |   FormMessage,
     | ^^^^^^^
> 33 | } from "@/components/ui/form";
     | ^^^^^^^^^^^^^^^^^^^^^^^^^^^^^^^
  34 | import { Loader2, RefreshCw } from "lucide-react";
  35 | import { toast } from "sonner";
  36 | import { expenseSchema, type ExpenseFormData } from "@/lib/schemas/expense";

Import map: aliased to relative './components/ui/form' inside of [project]/.worktrees/ui-refresh

Import traces:
  Client Component Browser:
    ./.worktrees/ui-refresh/app/(app)/expenses/expense-dialog.tsx [Client Component Browser]
    ./.worktrees/ui-refresh/app/(app)/expenses/expenses-content.tsx [Client Component Browser]
    ./.worktrees/ui-refresh/app/(app)/expenses/expenses-content.tsx [Server Component]
    ./.worktrees/ui-refresh/app/(app)/expenses/page.tsx [Server Component]

  Client Component SSR:
    ./.worktrees/ui-refresh/app/(app)/expenses/expense-dialog.tsx [Client Component SSR]
    ./.worktrees/ui-refresh/app/(app)/expenses/expenses-content.tsx [Client Component SSR]
    ./.worktrees/ui-refresh/app/(app)/expenses/expenses-content.tsx [Server Component]
    ./.worktrees/ui-refresh/app/(app)/expenses/page.tsx [Server Component]

https://nextjs.org/docs/messages/module-not-found @ http://localhost:3000/_next/static/chunks/89bd9_next_dist_c4c7fb24._.js:3127
[     751ms] [ERROR] ./.worktrees/ui-refresh/components/expenses/expense-detail-edit.tsx:17:1
Module not found: Can't resolve '@/components/ui/form'
  15 | } from "@/components/ui/select";
  16 | import { Switch } from "@/components/ui/switch";
> 17 | import {
     | ^^^^^^^^
> 18 |   Form,
     | ^^^^^^^
> 19 |   FormControl,
     | ^^^^^^^
> 20 |   FormDescription,
     | ^^^^^^^
> 21 |   FormField,
     | ^^^^^^^
> 22 |   FormItem,
     | ^^^^^^^
> 23 |   FormLabel,
     | ^^^^^^^
> 24 |   FormMessage,
     | ^^^^^^^
> 25 | } from "@/components/ui/form";
     | ^^^^^^^^^^^^^^^^^^^^^^^^^^^^^^^
  26 | import { Loader2, RefreshCw } from "lucide-react";
  27 | import { toast } from "sonner";
  28 | import { expenseSchema, type ExpenseFormData } from "@/lib/schemas/expense";

Import map: aliased to relative './components/ui/form' inside of [project]/.worktrees/ui-refresh

Import traces:
  Client Component Browser:
    ./.worktrees/ui-refresh/components/expenses/expense-detail-edit.tsx [Client Component Browser]
    ./.worktrees/ui-refresh/components/expenses/expense-detail-modal.tsx [Client Component Browser]
    ./.worktrees/ui-refresh/app/(app)/expenses/expenses-content.tsx [Client Component Browser]
    ./.worktrees/ui-refresh/app/(app)/expenses/expenses-content.tsx [Server Component]
    ./.worktrees/ui-refresh/app/(app)/expenses/page.tsx [Server Component]

  Client Component SSR:
    ./.worktrees/ui-refresh/components/expenses/expense-detail-edit.tsx [Client Component SSR]
    ./.worktrees/ui-refresh/components/expenses/expense-detail-modal.tsx [Client Component SSR]
    ./.worktrees/ui-refresh/app/(app)/expenses/expenses-content.tsx [Client Component SSR]
    ./.worktrees/ui-refresh/app/(app)/expenses/expenses-content.tsx [Server Component]
    ./.worktrees/ui-refresh/app/(app)/expenses/page.tsx [Server Component]

https://nextjs.org/docs/messages/module-not-found @ http://localhost:3000/_next/static/chunks/89bd9_next_dist_c4c7fb24._.js:3127
[     815ms] [ERROR] ./.worktrees/ui-refresh/components/expenses/expense-detail-modal.tsx:12:1
Module not found: Can't resolve './expense-comments'
  10 | import { ExpenseDetailView } from "./expense-detail-view";
  11 | import { ExpenseDetailEdit } from "./expense-detail-edit";
> 12 | import { ExpenseComments } from "./expense-comments";
     | ^^^^^^^^^^^^^^^^^^^^^^^^^^^^^^^^^^^^^^^^^^^^^^^^^^^^^
  13 | import type { Expense } from "./types";
  14 |
  15 | type ExpenseDetailModalProps = {

Import traces:
  Client Component Browser:
    ./.worktrees/ui-refresh/components/expenses/expense-detail-modal.tsx [Client Component Browser]
    ./.worktrees/ui-refresh/app/(app)/expenses/expenses-content.tsx [Client Component Browser]
    ./.worktrees/ui-refresh/app/(app)/expenses/expenses-content.tsx [Server Component]
    ./.worktrees/ui-refresh/app/(app)/expenses/page.tsx [Server Component]

  Client Component SSR:
    ./.worktrees/ui-refresh/components/expenses/expense-detail-modal.tsx [Client Component SSR]
    ./.worktrees/ui-refresh/app/(app)/expenses/expenses-content.tsx [Client Component SSR]
    ./.worktrees/ui-refresh/app/(app)/expenses/expenses-content.tsx [Server Component]
    ./.worktrees/ui-refresh/app/(app)/expenses/page.tsx [Server Component]

https://nextjs.org/docs/messages/module-not-found @ http://localhost:3000/_next/static/chunks/89bd9_next_dist_c4c7fb24._.js:3127
[     815ms] [ERROR] ./.worktrees/ui-refresh/app/(app)/expenses/expense-dialog.tsx:25:1
Module not found: Can't resolve '@/components/ui/form'
  23 | } from "@/components/ui/select";
  24 | import { Switch } from "@/components/ui/switch";
> 25 | import {
     | ^^^^^^^^
> 26 |   Form,
     | ^^^^^^^
> 27 |   FormControl,
     | ^^^^^^^
> 28 |   FormDescription,
     | ^^^^^^^
> 29 |   FormField,
     | ^^^^^^^
> 30 |   FormItem,
     | ^^^^^^^
> 31 |   FormLabel,
     | ^^^^^^^
> 32 |   FormMessage,
     | ^^^^^^^
> 33 | } from "@/components/ui/form";
     | ^^^^^^^^^^^^^^^^^^^^^^^^^^^^^^^
  34 | import { Loader2, RefreshCw } from "lucide-react";
  35 | import { toast } from "sonner";
  36 | import { expenseSchema, type ExpenseFormData } from "@/lib/schemas/expense";

Import map: aliased to relative './components/ui/form' inside of [project]/.worktrees/ui-refresh

Import traces:
  Client Component Browser:
    ./.worktrees/ui-refresh/app/(app)/expenses/expense-dialog.tsx [Client Component Browser]
    ./.worktrees/ui-refresh/app/(app)/expenses/expenses-content.tsx [Client Component Browser]
    ./.worktrees/ui-refresh/app/(app)/expenses/expenses-content.tsx [Server Component]
    ./.worktrees/ui-refresh/app/(app)/expenses/page.tsx [Server Component]

  Client Component SSR:
    ./.worktrees/ui-refresh/app/(app)/expenses/expense-dialog.tsx [Client Component SSR]
    ./.worktrees/ui-refresh/app/(app)/expenses/expenses-content.tsx [Client Component SSR]
    ./.worktrees/ui-refresh/app/(app)/expenses/expenses-content.tsx [Server Component]
    ./.worktrees/ui-refresh/app/(app)/expenses/page.tsx [Server Component]

https://nextjs.org/docs/messages/module-not-found @ http://localhost:3000/_next/static/chunks/89bd9_next_dist_c4c7fb24._.js:3127
[     815ms] [ERROR] ./.worktrees/ui-refresh/components/expenses/expense-detail-edit.tsx:17:1
Module not found: Can't resolve '@/components/ui/form'
  15 | } from "@/components/ui/select";
  16 | import { Switch } from "@/components/ui/switch";
> 17 | import {
     | ^^^^^^^^
> 18 |   Form,
     | ^^^^^^^
> 19 |   FormControl,
     | ^^^^^^^
> 20 |   FormDescription,
     | ^^^^^^^
> 21 |   FormField,
     | ^^^^^^^
> 22 |   FormItem,
     | ^^^^^^^
> 23 |   FormLabel,
     | ^^^^^^^
> 24 |   FormMessage,
     | ^^^^^^^
> 25 | } from "@/components/ui/form";
     | ^^^^^^^^^^^^^^^^^^^^^^^^^^^^^^^
  26 | import { Loader2, RefreshCw } from "lucide-react";
  27 | import { toast } from "sonner";
  28 | import { expenseSchema, type ExpenseFormData } from "@/lib/schemas/expense";

Import map: aliased to relative './components/ui/form' inside of [project]/.worktrees/ui-refresh

Import traces:
  Client Component Browser:
    ./.worktrees/ui-refresh/components/expenses/expense-detail-edit.tsx [Client Component Browser]
    ./.worktrees/ui-refresh/components/expenses/expense-detail-modal.tsx [Client Component Browser]
    ./.worktrees/ui-refresh/app/(app)/expenses/expenses-content.tsx [Client Component Browser]
    ./.worktrees/ui-refresh/app/(app)/expenses/expenses-content.tsx [Server Component]
    ./.worktrees/ui-refresh/app/(app)/expenses/page.tsx [Server Component]

  Client Component SSR:
    ./.worktrees/ui-refresh/components/expenses/expense-detail-edit.tsx [Client Component SSR]
    ./.worktrees/ui-refresh/components/expenses/expense-detail-modal.tsx [Client Component SSR]
    ./.worktrees/ui-refresh/app/(app)/expenses/expenses-content.tsx [Client Component SSR]
    ./.worktrees/ui-refresh/app/(app)/expenses/expenses-content.tsx [Server Component]
    ./.worktrees/ui-refresh/app/(app)/expenses/page.tsx [Server Component]

https://nextjs.org/docs/messages/module-not-found @ http://localhost:3000/_next/static/chunks/89bd9_next_dist_c4c7fb24._.js:3127
[    9913ms] [ERROR] ./.worktrees/ui-refresh/components/expenses/expense-detail-modal.tsx:12:1
Module not found: Can't resolve './expense-comments'
  10 | import { ExpenseDetailView } from "./expense-detail-view";
  11 | import { ExpenseDetailEdit } from "./expense-detail-edit";
> 12 | import { ExpenseComments } from "./expense-comments";
     | ^^^^^^^^^^^^^^^^^^^^^^^^^^^^^^^^^^^^^^^^^^^^^^^^^^^^^
  13 | import type { Expense } from "./types";
  14 |
  15 | type ExpenseDetailModalProps = {

Import traces:
  Client Component Browser:
    ./.worktrees/ui-refresh/components/expenses/expense-detail-modal.tsx [Client Component Browser]
    ./.worktrees/ui-refresh/app/(app)/expenses/expenses-content.tsx [Client Component Browser]
    ./.worktrees/ui-refresh/app/(app)/expenses/expenses-content.tsx [Server Component]
    ./.worktrees/ui-refresh/app/(app)/expenses/page.tsx [Server Component]

  Client Component SSR:
    ./.worktrees/ui-refresh/components/expenses/expense-detail-modal.tsx [Client Component SSR]
    ./.worktrees/ui-refresh/app/(app)/expenses/expenses-content.tsx [Client Component SSR]
    ./.worktrees/ui-refresh/app/(app)/expenses/expenses-content.tsx [Server Component]
    ./.worktrees/ui-refresh/app/(app)/expenses/page.tsx [Server Component]

https://nextjs.org/docs/messages/module-not-found @ http://localhost:3000/_next/static/chunks/89bd9_next_dist_c4c7fb24._.js:3127
[    9914ms] [ERROR] ./.worktrees/ui-refresh/app/(app)/expenses/expense-dialog.tsx:25:1
Module not found: Can't resolve '@/components/ui/form'
  23 | } from "@/components/ui/select";
  24 | import { Switch } from "@/components/ui/switch";
> 25 | import {
     | ^^^^^^^^
> 26 |   Form,
     | ^^^^^^^
> 27 |   FormControl,
     | ^^^^^^^
> 28 |   FormDescription,
     | ^^^^^^^
> 29 |   FormField,
     | ^^^^^^^
> 30 |   FormItem,
     | ^^^^^^^
> 31 |   FormLabel,
     | ^^^^^^^
> 32 |   FormMessage,
     | ^^^^^^^
> 33 | } from "@/components/ui/form";
     | ^^^^^^^^^^^^^^^^^^^^^^^^^^^^^^^
  34 | import { Loader2, RefreshCw } from "lucide-react";
  35 | import { toast } from "sonner";
  36 | import { expenseSchema, type ExpenseFormData } from "@/lib/schemas/expense";

Import map: aliased to relative './components/ui/form' inside of [project]/.worktrees/ui-refresh

Import traces:
  Client Component Browser:
    ./.worktrees/ui-refresh/app/(app)/expenses/expense-dialog.tsx [Client Component Browser]
    ./.worktrees/ui-refresh/app/(app)/expenses/expenses-content.tsx [Client Component Browser]
    ./.worktrees/ui-refresh/app/(app)/expenses/expenses-content.tsx [Server Component]
    ./.worktrees/ui-refresh/app/(app)/expenses/page.tsx [Server Component]

  Client Component SSR:
    ./.worktrees/ui-refresh/app/(app)/expenses/expense-dialog.tsx [Client Component SSR]
    ./.worktrees/ui-refresh/app/(app)/expenses/expenses-content.tsx [Client Component SSR]
    ./.worktrees/ui-refresh/app/(app)/expenses/expenses-content.tsx [Server Component]
    ./.worktrees/ui-refresh/app/(app)/expenses/page.tsx [Server Component]

https://nextjs.org/docs/messages/module-not-found @ http://localhost:3000/_next/static/chunks/89bd9_next_dist_c4c7fb24._.js:3127
[    9914ms] [ERROR] ./.worktrees/ui-refresh/components/expenses/expense-detail-edit.tsx:17:1
Module not found: Can't resolve '@/components/ui/form'
  15 | } from "@/components/ui/select";
  16 | import { Switch } from "@/components/ui/switch";
> 17 | import {
     | ^^^^^^^^
> 18 |   Form,
     | ^^^^^^^
> 19 |   FormControl,
     | ^^^^^^^
> 20 |   FormDescription,
     | ^^^^^^^
> 21 |   FormField,
     | ^^^^^^^
> 22 |   FormItem,
     | ^^^^^^^
> 23 |   FormLabel,
     | ^^^^^^^
> 24 |   FormMessage,
     | ^^^^^^^
> 25 | } from "@/components/ui/form";
     | ^^^^^^^^^^^^^^^^^^^^^^^^^^^^^^^
  26 | import { Loader2, RefreshCw } from "lucide-react";
  27 | import { toast } from "sonner";
  28 | import { expenseSchema, type ExpenseFormData } from "@/lib/schemas/expense";

Import map: aliased to relative './components/ui/form' inside of [project]/.worktrees/ui-refresh

Import traces:
  Client Component Browser:
    ./.worktrees/ui-refresh/components/expenses/expense-detail-edit.tsx [Client Component Browser]
    ./.worktrees/ui-refresh/components/expenses/expense-detail-modal.tsx [Client Component Browser]
    ./.worktrees/ui-refresh/app/(app)/expenses/expenses-content.tsx [Client Component Browser]
    ./.worktrees/ui-refresh/app/(app)/expenses/expenses-content.tsx [Server Component]
    ./.worktrees/ui-refresh/app/(app)/expenses/page.tsx [Server Component]

  Client Component SSR:
    ./.worktrees/ui-refresh/components/expenses/expense-detail-edit.tsx [Client Component SSR]
    ./.worktrees/ui-refresh/components/expenses/expense-detail-modal.tsx [Client Component SSR]
    ./.worktrees/ui-refresh/app/(app)/expenses/expenses-content.tsx [Client Component SSR]
    ./.worktrees/ui-refresh/app/(app)/expenses/expenses-content.tsx [Server Component]
    ./.worktrees/ui-refresh/app/(app)/expenses/page.tsx [Server Component]

https://nextjs.org/docs/messages/module-not-found @ http://localhost:3000/_next/static/chunks/89bd9_next_dist_c4c7fb24._.js:3127
[    9949ms] [ERROR] ./.worktrees/ui-refresh/components/expenses/expense-detail-modal.tsx:12:1
Module not found: Can't resolve './expense-comments'
  10 | import { ExpenseDetailView } from "./expense-detail-view";
  11 | import { ExpenseDetailEdit } from "./expense-detail-edit";
> 12 | import { ExpenseComments } from "./expense-comments";
     | ^^^^^^^^^^^^^^^^^^^^^^^^^^^^^^^^^^^^^^^^^^^^^^^^^^^^^
  13 | import type { Expense } from "./types";
  14 |
  15 | type ExpenseDetailModalProps = {

Import traces:
  Client Component Browser:
    ./.worktrees/ui-refresh/components/expenses/expense-detail-modal.tsx [Client Component Browser]
    ./.worktrees/ui-refresh/app/(app)/expenses/expenses-content.tsx [Client Component Browser]
    ./.worktrees/ui-refresh/app/(app)/expenses/expenses-content.tsx [Server Component]
    ./.worktrees/ui-refresh/app/(app)/expenses/page.tsx [Server Component]

  Client Component SSR:
    ./.worktrees/ui-refresh/components/expenses/expense-detail-modal.tsx [Client Component SSR]
    ./.worktrees/ui-refresh/app/(app)/expenses/expenses-content.tsx [Client Component SSR]
    ./.worktrees/ui-refresh/app/(app)/expenses/expenses-content.tsx [Server Component]
    ./.worktrees/ui-refresh/app/(app)/expenses/page.tsx [Server Component]

https://nextjs.org/docs/messages/module-not-found @ http://localhost:3000/_next/static/chunks/89bd9_next_dist_c4c7fb24._.js:3127
[    9950ms] [ERROR] ./.worktrees/ui-refresh/app/(app)/expenses/expense-dialog.tsx:25:1
Module not found: Can't resolve '@/components/ui/form'
  23 | } from "@/components/ui/select";
  24 | import { Switch } from "@/components/ui/switch";
> 25 | import {
     | ^^^^^^^^
> 26 |   Form,
     | ^^^^^^^
> 27 |   FormControl,
     | ^^^^^^^
> 28 |   FormDescription,
     | ^^^^^^^
> 29 |   FormField,
     | ^^^^^^^
> 30 |   FormItem,
     | ^^^^^^^
> 31 |   FormLabel,
     | ^^^^^^^
> 32 |   FormMessage,
     | ^^^^^^^
> 33 | } from "@/components/ui/form";
     | ^^^^^^^^^^^^^^^^^^^^^^^^^^^^^^^
  34 | import { Loader2, RefreshCw } from "lucide-react";
  35 | import { toast } from "sonner";
  36 | import { expenseSchema, type ExpenseFormData } from "@/lib/schemas/expense";

Import map: aliased to relative './components/ui/form' inside of [project]/.worktrees/ui-refresh

Import traces:
  Client Component Browser:
    ./.worktrees/ui-refresh/app/(app)/expenses/expense-dialog.tsx [Client Component Browser]
    ./.worktrees/ui-refresh/app/(app)/expenses/expenses-content.tsx [Client Component Browser]
    ./.worktrees/ui-refresh/app/(app)/expenses/expenses-content.tsx [Server Component]
    ./.worktrees/ui-refresh/app/(app)/expenses/page.tsx [Server Component]

  Client Component SSR:
    ./.worktrees/ui-refresh/app/(app)/expenses/expense-dialog.tsx [Client Component SSR]
    ./.worktrees/ui-refresh/app/(app)/expenses/expenses-content.tsx [Client Component SSR]
    ./.worktrees/ui-refresh/app/(app)/expenses/expenses-content.tsx [Server Component]
    ./.worktrees/ui-refresh/app/(app)/expenses/page.tsx [Server Component]

https://nextjs.org/docs/messages/module-not-found @ http://localhost:3000/_next/static/chunks/89bd9_next_dist_c4c7fb24._.js:3127
[    9950ms] [ERROR] ./.worktrees/ui-refresh/components/expenses/expense-detail-edit.tsx:17:1
Module not found: Can't resolve '@/components/ui/form'
  15 | } from "@/components/ui/select";
  16 | import { Switch } from "@/components/ui/switch";
> 17 | import {
     | ^^^^^^^^
> 18 |   Form,
     | ^^^^^^^
> 19 |   FormControl,
     | ^^^^^^^
> 20 |   FormDescription,
     | ^^^^^^^
> 21 |   FormField,
     | ^^^^^^^
> 22 |   FormItem,
     | ^^^^^^^
> 23 |   FormLabel,
     | ^^^^^^^
> 24 |   FormMessage,
     | ^^^^^^^
> 25 | } from "@/components/ui/form";
     | ^^^^^^^^^^^^^^^^^^^^^^^^^^^^^^^
  26 | import { Loader2, RefreshCw } from "lucide-react";
  27 | import { toast } from "sonner";
  28 | import { expenseSchema, type ExpenseFormData } from "@/lib/schemas/expense";

Import map: aliased to relative './components/ui/form' inside of [project]/.worktrees/ui-refresh

Import traces:
  Client Component Browser:
    ./.worktrees/ui-refresh/components/expenses/expense-detail-edit.tsx [Client Component Browser]
    ./.worktrees/ui-refresh/components/expenses/expense-detail-modal.tsx [Client Component Browser]
    ./.worktrees/ui-refresh/app/(app)/expenses/expenses-content.tsx [Client Component Browser]
    ./.worktrees/ui-refresh/app/(app)/expenses/expenses-content.tsx [Server Component]
    ./.worktrees/ui-refresh/app/(app)/expenses/page.tsx [Server Component]

  Client Component SSR:
    ./.worktrees/ui-refresh/components/expenses/expense-detail-edit.tsx [Client Component SSR]
    ./.worktrees/ui-refresh/components/expenses/expense-detail-modal.tsx [Client Component SSR]
    ./.worktrees/ui-refresh/app/(app)/expenses/expenses-content.tsx [Client Component SSR]
    ./.worktrees/ui-refresh/app/(app)/expenses/expenses-content.tsx [Server Component]
    ./.worktrees/ui-refresh/app/(app)/expenses/page.tsx [Server Component]

https://nextjs.org/docs/messages/module-not-found @ http://localhost:3000/_next/static/chunks/89bd9_next_dist_c4c7fb24._.js:3127
[   10009ms] [ERROR] ./.worktrees/ui-refresh/components/expenses/expense-detail-modal.tsx:12:1
Module not found: Can't resolve './expense-comments'
  10 | import { ExpenseDetailView } from "./expense-detail-view";
  11 | import { ExpenseDetailEdit } from "./expense-detail-edit";
> 12 | import { ExpenseComments } from "./expense-comments";
     | ^^^^^^^^^^^^^^^^^^^^^^^^^^^^^^^^^^^^^^^^^^^^^^^^^^^^^
  13 | import type { Expense } from "./types";
  14 |
  15 | type ExpenseDetailModalProps = {

Import traces:
  Client Component Browser:
    ./.worktrees/ui-refresh/components/expenses/expense-detail-modal.tsx [Client Component Browser]
    ./.worktrees/ui-refresh/app/(app)/expenses/expenses-content.tsx [Client Component Browser]
    ./.worktrees/ui-refresh/app/(app)/expenses/expenses-content.tsx [Server Component]
    ./.worktrees/ui-refresh/app/(app)/expenses/page.tsx [Server Component]

  Client Component SSR:
    ./.worktrees/ui-refresh/components/expenses/expense-detail-modal.tsx [Client Component SSR]
    ./.worktrees/ui-refresh/app/(app)/expenses/expenses-content.tsx [Client Component SSR]
    ./.worktrees/ui-refresh/app/(app)/expenses/expenses-content.tsx [Server Component]
    ./.worktrees/ui-refresh/app/(app)/expenses/page.tsx [Server Component]

https://nextjs.org/docs/messages/module-not-found @ http://localhost:3000/_next/static/chunks/89bd9_next_dist_c4c7fb24._.js:3127
[   10010ms] [ERROR] ./.worktrees/ui-refresh/app/(app)/expenses/expense-dialog.tsx:25:1
Module not found: Can't resolve '@/components/ui/form'
  23 | } from "@/components/ui/select";
  24 | import { Switch } from "@/components/ui/switch";
> 25 | import {
     | ^^^^^^^^
> 26 |   Form,
     | ^^^^^^^
> 27 |   FormControl,
     | ^^^^^^^
> 28 |   FormDescription,
     | ^^^^^^^
> 29 |   FormField,
     | ^^^^^^^
> 30 |   FormItem,
     | ^^^^^^^
> 31 |   FormLabel,
     | ^^^^^^^
> 32 |   FormMessage,
     | ^^^^^^^
> 33 | } from "@/components/ui/form";
     | ^^^^^^^^^^^^^^^^^^^^^^^^^^^^^^^
  34 | import { Loader2, RefreshCw } from "lucide-react";
  35 | import { toast } from "sonner";
  36 | import { expenseSchema, type ExpenseFormData } from "@/lib/schemas/expense";

Import map: aliased to relative './components/ui/form' inside of [project]/.worktrees/ui-refresh

Import traces:
  Client Component Browser:
    ./.worktrees/ui-refresh/app/(app)/expenses/expense-dialog.tsx [Client Component Browser]
    ./.worktrees/ui-refresh/app/(app)/expenses/expenses-content.tsx [Client Component Browser]
    ./.worktrees/ui-refresh/app/(app)/expenses/expenses-content.tsx [Server Component]
    ./.worktrees/ui-refresh/app/(app)/expenses/page.tsx [Server Component]

  Client Component SSR:
    ./.worktrees/ui-refresh/app/(app)/expenses/expense-dialog.tsx [Client Component SSR]
    ./.worktrees/ui-refresh/app/(app)/expenses/expenses-content.tsx [Client Component SSR]
    ./.worktrees/ui-refresh/app/(app)/expenses/expenses-content.tsx [Server Component]
    ./.worktrees/ui-refresh/app/(app)/expenses/page.tsx [Server Component]

https://nextjs.org/docs/messages/module-not-found @ http://localhost:3000/_next/static/chunks/89bd9_next_dist_c4c7fb24._.js:3127
[   10010ms] [ERROR] ./.worktrees/ui-refresh/components/expenses/expense-detail-edit.tsx:17:1
Module not found: Can't resolve '@/components/ui/form'
  15 | } from "@/components/ui/select";
  16 | import { Switch } from "@/components/ui/switch";
> 17 | import {
     | ^^^^^^^^
> 18 |   Form,
     | ^^^^^^^
> 19 |   FormControl,
     | ^^^^^^^
> 20 |   FormDescription,
     | ^^^^^^^
> 21 |   FormField,
     | ^^^^^^^
> 22 |   FormItem,
     | ^^^^^^^
> 23 |   FormLabel,
     | ^^^^^^^
> 24 |   FormMessage,
     | ^^^^^^^
> 25 | } from "@/components/ui/form";
     | ^^^^^^^^^^^^^^^^^^^^^^^^^^^^^^^
  26 | import { Loader2, RefreshCw } from "lucide-react";
  27 | import { toast } from "sonner";
  28 | import { expenseSchema, type ExpenseFormData } from "@/lib/schemas/expense";

Import map: aliased to relative './components/ui/form' inside of [project]/.worktrees/ui-refresh

Import traces:
  Client Component Browser:
    ./.worktrees/ui-refresh/components/expenses/expense-detail-edit.tsx [Client Component Browser]
    ./.worktrees/ui-refresh/components/expenses/expense-detail-modal.tsx [Client Component Browser]
    ./.worktrees/ui-refresh/app/(app)/expenses/expenses-content.tsx [Client Component Browser]
    ./.worktrees/ui-refresh/app/(app)/expenses/expenses-content.tsx [Server Component]
    ./.worktrees/ui-refresh/app/(app)/expenses/page.tsx [Server Component]

  Client Component SSR:
    ./.worktrees/ui-refresh/components/expenses/expense-detail-edit.tsx [Client Component SSR]
    ./.worktrees/ui-refresh/components/expenses/expense-detail-modal.tsx [Client Component SSR]
    ./.worktrees/ui-refresh/app/(app)/expenses/expenses-content.tsx [Client Component SSR]
    ./.worktrees/ui-refresh/app/(app)/expenses/expenses-content.tsx [Server Component]
    ./.worktrees/ui-refresh/app/(app)/expenses/page.tsx [Server Component]

https://nextjs.org/docs/messages/module-not-found @ http://localhost:3000/_next/static/chunks/89bd9_next_dist_c4c7fb24._.js:3127
[   13169ms] [ERROR] WebSocket connection to 'ws://localhost:3000/_next/webpack-hmr?id=73pHygSNgj2FpJ137rXaY' failed: Error in connection establishment: net::ERR_CONNECTION_REFUSED @ http://localhost:3000/_next/static/chunks/89bd9_next_dist_client_650e6410._.js:10878
[   14173ms] [ERROR] WebSocket connection to 'ws://localhost:3000/_next/webpack-hmr?id=73pHygSNgj2FpJ137rXaY' failed: Error in connection establishment: net::ERR_CONNECTION_REFUSED @ http://localhost:3000/_next/static/chunks/89bd9_next_dist_client_650e6410._.js:10878
[   15174ms] [ERROR] WebSocket connection to 'ws://localhost:3000/_next/webpack-hmr?id=73pHygSNgj2FpJ137rXaY' failed: Error in connection establishment: net::ERR_CONNECTION_REFUSED @ http://localhost:3000/_next/static/chunks/89bd9_next_dist_client_650e6410._.js:10878
[   16176ms] [ERROR] WebSocket connection to 'ws://localhost:3000/_next/webpack-hmr?id=73pHygSNgj2FpJ137rXaY' failed: Error in connection establishment: net::ERR_CONNECTION_REFUSED @ http://localhost:3000/_next/static/chunks/89bd9_next_dist_client_650e6410._.js:10878
[   17178ms] [ERROR] WebSocket connection to 'ws://localhost:3000/_next/webpack-hmr?id=73pHygSNgj2FpJ137rXaY' failed: Error in connection establishment: net::ERR_CONNECTION_REFUSED @ http://localhost:3000/_next/static/chunks/89bd9_next_dist_client_650e6410._.js:10878
[   22180ms] [ERROR] WebSocket connection to 'ws://localhost:3000/_next/webpack-hmr?id=73pHygSNgj2FpJ137rXaY' failed: Error in connection establishment: net::ERR_CONNECTION_REFUSED @ http://localhost:3000/_next/static/chunks/89bd9_next_dist_client_650e6410._.js:10878
[   27182ms] [ERROR] WebSocket connection to 'ws://localhost:3000/_next/webpack-hmr?id=73pHygSNgj2FpJ137rXaY' failed: Error in connection establishment: net::ERR_CONNECTION_REFUSED @ http://localhost:3000/_next/static/chunks/89bd9_next_dist_client_650e6410._.js:10878
[   32185ms] [ERROR] WebSocket connection to 'ws://localhost:3000/_next/webpack-hmr?id=73pHygSNgj2FpJ137rXaY' failed: Error in connection establishment: net::ERR_CONNECTION_REFUSED @ http://localhost:3000/_next/static/chunks/89bd9_next_dist_client_650e6410._.js:10878
[   37187ms] [ERROR] WebSocket connection to 'ws://localhost:3000/_next/webpack-hmr?id=73pHygSNgj2FpJ137rXaY' failed: Error in connection establishment: net::ERR_CONNECTION_REFUSED @ http://localhost:3000/_next/static/chunks/89bd9_next_dist_client_650e6410._.js:10878
[   42189ms] [ERROR] WebSocket connection to 'ws://localhost:3000/_next/webpack-hmr?id=73pHygSNgj2FpJ137rXaY' failed: Error in connection establishment: net::ERR_CONNECTION_REFUSED @ http://localhost:3000/_next/static/chunks/89bd9_next_dist_client_650e6410._.js:10878
[   47192ms] [ERROR] WebSocket connection to 'ws://localhost:3000/_next/webpack-hmr?id=73pHygSNgj2FpJ137rXaY' failed: Error in connection establishment: net::ERR_CONNECTION_REFUSED @ http://localhost:3000/_next/static/chunks/89bd9_next_dist_client_650e6410._.js:10878
[   52196ms] [ERROR] WebSocket connection to 'ws://localhost:3000/_next/webpack-hmr?id=73pHygSNgj2FpJ137rXaY' failed: Error in connection establishment: net::ERR_CONNECTION_REFUSED @ http://localhost:3000/_next/static/chunks/89bd9_next_dist_client_650e6410._.js:10878
